<?xml version="1.0" encoding="UTF-8"?>
<!-- Generated by org.testng.reporters.JUnitXMLReporter -->
<testsuite ignored="0" hostname="MC0YW51C" failures="0" tests="15" name="Surefire test" time="361.588" errors="0" timestamp="21 maj 2019 09:01:39 GMT">
  <testcase classname="addRemoveElementsTest.AddTwoElementsThenRemoveTest" name="test on test(addRemoveElementsTest.AddTwoElementsThenRemoveTest)" time="15.767"/>
  <testcase classname="AlertFunctionTest" name="test on test(AlertFunctionTest)" time="14.378"/>
  <testcase classname="basicAuthTest.CheckTextAfterLoginTest" name="test on test(basicAuthTest.CheckTextAfterLoginTest)" time="10.21"/>
  <testcase classname="checkBoxesTest.CheckBoxesSelectionTest" name="test on test(checkBoxesTest.CheckBoxesSelectionTest)" time="12.608"/>
  <testcase classname="dataTablesTest.RetriveDataFromTableTest" name="test on test(dataTablesTest.RetriveDataFromTableTest)" time="12.876"/>
  <testcase classname="dropDownListTest.DropDownListSelectionTest" name="test on test(dropDownListTest.DropDownListSelectionTest)" time="14.544"/>
  <testcase classname="dynamicControlsTest.DynamiControlsTest" name="test on test(dynamicControlsTest.DynamiControlsTest)" time="27.05"/>
  <testcase classname="dynamicLoading.DynamicLoadingTest" name="test on test(dynamicLoading.DynamicLoadingTest)" time="17.21"/>
  <testcase classname="loginPageTest.LoginPageTest" name="test on test(loginPageTest.LoginPageTest)" time="14.495"/>
  <testcase classname="notificationMessage.NotificationMessageTest" name="test on test(notificationMessage.NotificationMessageTest)" time="16.355"/>
  <testcase classname="SampleTest" name="test on test(SampleTest)" time="16.5"/>
  <testcase classname="statusCodesTest.StatusCodePickerTest" name="test on test(statusCodesTest.StatusCodePickerTest)" time="24.07"/>
  <testcase classname="testCasesZadania.testCase1Test" name="test on test(testCasesZadania.testCase1Test)" time="51.443"/>
  <testcase classname="testCasesZadania.TestCase2" name="test on test(testCasesZadania.TestCase2)" time="46.777"/>
  <testcase classname="testCasesZadania.TestCase3" name="test on test(testCasesZadania.TestCase3)" time="67.166"/>
</testsuite> <!-- Surefire test -->
