<?xml version="1.0" encoding="UTF-8"?>
<!-- Generated by org.testng.reporters.JUnitXMLReporter -->
<testsuite ignored="0" hostname="MC0YW51C" failures="0" tests="14" name="Surefire test" time="418.769" errors="0" timestamp="20 maj 2019 13:23:59 GMT">
  <testcase classname="addRemoveElementsTest.AddTwoElementsThenRemoveTest" name="test on test(addRemoveElementsTest.AddTwoElementsThenRemoveTest)" time="21.985"/>
  <testcase classname="AlertFunctionTest" name="test on test(AlertFunctionTest)" time="21.292"/>
  <testcase classname="basicAuthTest.CheckTextAfterLoginTest" name="test on test(basicAuthTest.CheckTextAfterLoginTest)" time="14.382"/>
  <testcase classname="checkBoxesTest.CheckBoxesSelectionTest" name="test on test(checkBoxesTest.CheckBoxesSelectionTest)" time="15.508"/>
  <testcase classname="dataTablesTest.RetriveDataFromTableTest" name="test on test(dataTablesTest.RetriveDataFromTableTest)" time="18.304"/>
  <testcase classname="dropDownListTest.DropDownListSelectionTest" name="test on test(dropDownListTest.DropDownListSelectionTest)" time="16.486"/>
  <testcase classname="dynamicControlsTest.DynamiControlsTest" name="test on test(dynamicControlsTest.DynamiControlsTest)" time="35.058"/>
  <testcase classname="dynamicLoading.DynamicLoadingTest" name="test on test(dynamicLoading.DynamicLoadingTest)" time="21.788"/>
  <testcase classname="loginPageTest.LoginPageTest" name="test on test(loginPageTest.LoginPageTest)" time="19.349"/>
  <testcase classname="notificationMessage.NotificationMessageTest" name="test on test(notificationMessage.NotificationMessageTest)" time="53.215"/>
  <testcase classname="SampleTest" name="test on test(SampleTest)" time="26.082"/>
  <testcase classname="statusCodesTest.StatusCodePickerTest" name="test on test(statusCodesTest.StatusCodePickerTest)" time="36.758"/>
  <testcase classname="testCasesZadania.testCase1Test" name="test on test(testCasesZadania.testCase1Test)" time="63.042"/>
  <testcase classname="testCasesZadania.TestCase2" name="test on test(testCasesZadania.TestCase2)" time="55.307"/>
</testsuite> <!-- Surefire test -->
