<?xml version="1.0" encoding="UTF-8"?>
<testsuite xmlns:xsi="http://www.w3.org/2001/XMLSchema-instance" xsi:noNamespaceSchemaLocation="https://maven.apache.org/surefire/maven-surefire-plugin/xsd/surefire-test-report.xsd" name="TestSuite" time="362.766" tests="15" errors="0" skipped="0" failures="0">
  <properties>
[...]
</properties>
  <testcase name="test on test(addRemoveElementsTest.AddTwoElementsThenRemoveTest)" classname="addRemoveElementsTest.AddTwoElementsThenRemoveTest" time="15.759"/>
  <testcase name="test on test(AlertFunctionTest)" classname="AlertFunctionTest" time="14.378"/>
  <testcase name="test on test(basicAuthTest.CheckTextAfterLoginTest)" classname="basicAuthTest.CheckTextAfterLoginTest" time="10.21"/>
  <testcase name="test on test(checkBoxesTest.CheckBoxesSelectionTest)" classname="checkBoxesTest.CheckBoxesSelectionTest" time="12.609"/>
  <testcase name="test on test(dataTablesTest.RetriveDataFromTableTest)" classname="dataTablesTest.RetriveDataFromTableTest" time="12.879"/>
  <testcase name="test on test(dropDownListTest.DropDownListSelectionTest)" classname="dropDownListTest.DropDownListSelectionTest" time="14.542"/>
  <testcase name="test on test(dynamicControlsTest.DynamiControlsTest)" classname="dynamicControlsTest.DynamiControlsTest" time="27.05"/>
  <testcase name="test on test(dynamicLoading.DynamicLoadingTest)" classname="dynamicLoading.DynamicLoadingTest" time="17.209"/>
  <testcase name="test on test(loginPageTest.LoginPageTest)" classname="loginPageTest.LoginPageTest" time="14.496"/>
  <testcase name="test on test(notificationMessage.NotificationMessageTest)" classname="notificationMessage.NotificationMessageTest" time="16.355"/>
  <testcase name="test on test(SampleTest)" classname="SampleTest" time="16.498"/>
  <testcase name="test on test(statusCodesTest.StatusCodePickerTest)" classname="statusCodesTest.StatusCodePickerTest" time="24.069"/>
  <testcase name="test on test(testCasesZadania.testCase1Test)" classname="testCasesZadania.testCase1Test" time="51.443"/>
  <testcase name="test on test(testCasesZadania.TestCase2)" classname="testCasesZadania.TestCase2" time="46.777"/>
  <testcase name="test on test(testCasesZadania.TestCase3)" classname="testCasesZadania.TestCase3" time="67.164"/>
</testsuite>