<?xml version="1.0" encoding="UTF-8"?>
<testng-results ignored="0" total="1" passed="1" failed="0" skipped="0">
  <reporter-output>
  </reporter-output>
  <suite started-at="2019-05-17T09:13:54Z" name="Surefire suite" finished-at="2019-05-17T09:14:07Z" duration-ms="12610">
    <groups>
    </groups>
    <test started-at="2019-05-17T09:13:54Z" name="Surefire test" finished-at="2019-05-17T09:14:07Z" duration-ms="12610">
      <class name="sampleTest">
        <test-method signature="test()" started-at="2019-05-17T09:13:54Z" name="test" finished-at="2019-05-17T09:14:07Z" duration-ms="12559" status="PASS">
          <reporter-output>
          </reporter-output>
        </test-method> <!-- test -->
      </class> <!-- sampleTest -->
    </test> <!-- Surefire test -->
  </suite> <!-- Surefire suite -->
</testng-results>
